<?xml version="1.0" encoding="UTF-8"?>
<coverage generated="1690488227751" clover="3.2.0">
  <project timestamp="1690488227751" name="All files">
    <metrics statements="11" coveredstatements="10" conditionals="6" coveredconditionals="6" methods="2" coveredmethods="2" elements="19" coveredelements="18" complexity="0" loc="11" ncloc="11" packages="1" files="2" classes="2"/>
    <file name="levelImc.ts" path="/Users/jhony.silva/Documents/Projetos estudo/typescript-calculo-imc/src/services/levelImc.ts">
      <metrics statements="9" coveredstatements="8" conditionals="6" coveredconditionals="6" methods="1" coveredmethods="1"/>
      <line num="1" count="1" type="stmt"/>
      <line num="2" count="14" type="stmt"/>
      <line num="11" count="14" type="cond" truecount="1" falsecount="0"/>
      <line num="12" count="12" type="cond" truecount="1" falsecount="0"/>
      <line num="13" count="10" type="cond" truecount="1" falsecount="0"/>
      <line num="14" count="8" type="cond" truecount="1" falsecount="0"/>
      <line num="15" count="6" type="cond" truecount="1" falsecount="0"/>
      <line num="16" count="3" type="cond" truecount="1" falsecount="0"/>
      <line num="17" count="0" type="stmt"/>
    </file>
    <file name="weight-height.ts" path="/Users/jhony.silva/Documents/Projetos estudo/typescript-calculo-imc/src/services/weight-height.ts">
      <metrics statements="2" coveredstatements="2" conditionals="0" coveredconditionals="0" methods="1" coveredmethods="1"/>
      <line num="2" count="1" type="stmt"/>
      <line num="3" count="3" type="stmt"/>
    </file>
  </project>
</coverage>
