{"/Users/jhony.silva/Documents/Projetos estudo/typescript-calculo-imc/src/services/levelImc.ts": {"path":"/Users/jhony.silva/Documents/Projetos estudo/typescript-calculo-imc/src/services/levelImc.ts","statementMap":{"0":{"start":{"line":2,"column":16},"end":{"line":9,"column":4}},"1":{"start":{"line":11,"column":2},"end":{"line":11,"column":35}},"2":{"start":{"line":11,"column":19},"end":{"line":11,"column":35}},"3":{"start":{"line":12,"column":2},"end":{"line":12,"column":35}},"4":{"start":{"line":12,"column":19},"end":{"line":12,"column":35}},"5":{"start":{"line":13,"column":2},"end":{"line":13,"column":35}},"6":{"start":{"line":13,"column":19},"end":{"line":13,"column":35}},"7":{"start":{"line":14,"column":2},"end":{"line":14,"column":35}},"8":{"start":{"line":14,"column":19},"end":{"line":14,"column":35}},"9":{"start":{"line":15,"column":2},"end":{"line":15,"column":35}},"10":{"start":{"line":15,"column":19},"end":{"line":15,"column":35}},"11":{"start":{"line":16,"column":2},"end":{"line":16,"column":34}},"12":{"start":{"line":16,"column":18},"end":{"line":16,"column":34}},"13":{"start":{"line":17,"column":2},"end":{"line":17,"column":12}},"14":{"start":{"line":1,"column":0},"end":{"line":1,"column":16}}},"fnMap":{"0":{"name":"getNivelImc","decl":{"start":{"line":1,"column":16},"end":{"line":1,"column":27}},"loc":{"start":{"line":1,"column":39},"end":{"line":18,"column":1}}}},"branchMap":{"0":{"loc":{"start":{"line":11,"column":2},"end":{"line":11,"column":35}},"type":"if","locations":[{"start":{"line":11,"column":2},"end":{"line":11,"column":35}}]},"1":{"loc":{"start":{"line":12,"column":2},"end":{"line":12,"column":35}},"type":"if","locations":[{"start":{"line":12,"column":2},"end":{"line":12,"column":35}}]},"2":{"loc":{"start":{"line":13,"column":2},"end":{"line":13,"column":35}},"type":"if","locations":[{"start":{"line":13,"column":2},"end":{"line":13,"column":35}}]},"3":{"loc":{"start":{"line":14,"column":2},"end":{"line":14,"column":35}},"type":"if","locations":[{"start":{"line":14,"column":2},"end":{"line":14,"column":35}}]},"4":{"loc":{"start":{"line":15,"column":2},"end":{"line":15,"column":35}},"type":"if","locations":[{"start":{"line":15,"column":2},"end":{"line":15,"column":35}}]},"5":{"loc":{"start":{"line":16,"column":2},"end":{"line":16,"column":34}},"type":"if","locations":[{"start":{"line":16,"column":2},"end":{"line":16,"column":34}}]}},"s":{"0":14,"1":14,"2":2,"3":12,"4":2,"5":10,"6":2,"7":8,"8":2,"9":6,"10":3,"11":3,"12":3,"13":0,"14":1},"f":{"0":14},"b":{"0":[2],"1":[2],"2":[2],"3":[2],"4":[3],"5":[3]}}
,"/Users/jhony.silva/Documents/Projetos estudo/typescript-calculo-imc/src/services/weight-height.ts": {"path":"/Users/jhony.silva/Documents/Projetos estudo/typescript-calculo-imc/src/services/weight-height.ts","statementMap":{"0":{"start":{"line":3,"column":2},"end":{"line":3,"column":28}},"1":{"start":{"line":2,"column":0},"end":{"line":2,"column":16}}},"fnMap":{"0":{"name":"getImc","decl":{"start":{"line":2,"column":16},"end":{"line":2,"column":22}},"loc":{"start":{"line":2,"column":51},"end":{"line":4,"column":1}}}},"branchMap":{},"s":{"0":3,"1":1},"f":{"0":3},"b":{}}
}
